C:\USERS\MID\DESKTOP\MULTIMEDIA\TERM PROJECT\CAPTUREFRAMES\CAPTUREFRAMES\DEBUG\CAPTUREFRAMES.EXE.EMBED.MANIFEST
C:\USERS\MID\DESKTOP\MULTIMEDIA\TERM PROJECT\CAPTUREFRAMES\CAPTUREFRAMES\DEBUG\CAPTUREFRAMES.EXE.EMBED.MANIFEST.RES
C:\USERS\MID\DESKTOP\MULTIMEDIA\TERM PROJECT\CAPTUREFRAMES\CAPTUREFRAMES\DEBUG\CAPTUREFRAMES.EXE.INTERMEDIATE.MANIFEST
C:\Users\Mid\Desktop\Multimedia\Term Project\CaptureFrames\CaptureFrames\Debug\CaptureFrames.vcxprojResolveAssemblyReference.cache
C:\Users\Mid\Desktop\Multimedia\Term Project\CaptureFrames\CaptureFrames\Debug\CaptureFrames.write.1.tlog
C:\Users\Mid\Desktop\Multimedia\Term Project\CaptureFrames\CaptureFrames\Debug\CaptureFrames_manifest.rc
C:\Users\Mid\Desktop\Multimedia\Term Project\CaptureFrames\CaptureFrames\Debug\cl.command.1.tlog
C:\Users\Mid\Desktop\Multimedia\Term Project\CaptureFrames\CaptureFrames\Debug\CL.read.1.tlog
C:\Users\Mid\Desktop\Multimedia\Term Project\CaptureFrames\CaptureFrames\Debug\CL.write.1.tlog
C:\Users\Mid\Desktop\Multimedia\Term Project\CaptureFrames\CaptureFrames\Debug\link.4236.read.1.tlog
C:\Users\Mid\Desktop\Multimedia\Term Project\CaptureFrames\CaptureFrames\Debug\link.4236.write.1.tlog
C:\Users\Mid\Desktop\Multimedia\Term Project\CaptureFrames\CaptureFrames\Debug\link.4236-cvtres.read.1.tlog
C:\Users\Mid\Desktop\Multimedia\Term Project\CaptureFrames\CaptureFrames\Debug\link.4236-cvtres.write.1.tlog
C:\Users\Mid\Desktop\Multimedia\Term Project\CaptureFrames\CaptureFrames\Debug\link.command.1.tlog
C:\Users\Mid\Desktop\Multimedia\Term Project\CaptureFrames\CaptureFrames\Debug\link.read.1.tlog
C:\Users\Mid\Desktop\Multimedia\Term Project\CaptureFrames\CaptureFrames\Debug\link.write.1.tlog
C:\Users\Mid\Desktop\Multimedia\Term Project\CaptureFrames\CaptureFrames\Debug\link-cvtres.read.1.tlog
C:\Users\Mid\Desktop\Multimedia\Term Project\CaptureFrames\CaptureFrames\Debug\link-cvtres.write.1.tlog
C:\USERS\MID\DESKTOP\MULTIMEDIA\TERM PROJECT\CAPTUREFRAMES\CAPTUREFRAMES\DEBUG\MAIN.OBJ
C:\Users\Mid\Desktop\Multimedia\Term Project\CaptureFrames\CaptureFrames\Debug\mt.command.1.tlog
C:\Users\Mid\Desktop\Multimedia\Term Project\CaptureFrames\CaptureFrames\Debug\mt.read.1.tlog
C:\Users\Mid\Desktop\Multimedia\Term Project\CaptureFrames\CaptureFrames\Debug\mt.write.1.tlog
C:\Users\Mid\Desktop\Multimedia\Term Project\CaptureFrames\CaptureFrames\Debug\rc.command.1.tlog
C:\Users\Mid\Desktop\Multimedia\Term Project\CaptureFrames\CaptureFrames\Debug\rc.read.1.tlog
C:\Users\Mid\Desktop\Multimedia\Term Project\CaptureFrames\CaptureFrames\Debug\rc.write.1.tlog
C:\Users\Mid\Desktop\Multimedia\Term Project\CaptureFrames\CaptureFrames\Debug\vc100.idb
C:\USERS\MID\DESKTOP\MULTIMEDIA\TERM PROJECT\CAPTUREFRAMES\CAPTUREFRAMES\DEBUG\VC100.PDB
C:\USERS\MID\DESKTOP\MULTIMEDIA\TERM PROJECT\CAPTUREFRAMES\DEBUG\CAPTUREFRAMES.EXE
C:\USERS\MID\DESKTOP\MULTIMEDIA\TERM PROJECT\CAPTUREFRAMES\DEBUG\CAPTUREFRAMES.ILK
C:\USERS\MID\DESKTOP\MULTIMEDIA\TERM PROJECT\CAPTUREFRAMES\DEBUG\CAPTUREFRAMES.PDB
