Build started 9/06/2015 3:29:34 a.m..
     1>Project "C:\Users\Mid\Desktop\Multimedia\Term Project\CaptureFrames\CaptureFrames\CaptureFrames.vcxproj" on node 2 (build target(s)).
     1>InitializeBuildStatus:
         Creating "Debug\CaptureFrames.unsuccessfulbuild" because "AlwaysCreate" was specified.
       ClCompile:
         C:\Program Files (x86)\Microsoft Visual Studio 10.0\VC\bin\CL.exe /c /IC:\opencv\build\include /IC:\opencv\build\include\opencv /IC:\opencv\build\include\opencv2 /ZI /nologo /W3 /WX- /Od /Oy- /D WIN32 /D _DEBUG /D _CONSOLE /D _UNICODE /D UNICODE /Gm /EHsc /RTC1 /MDd /GS /fp:precise /Zc:wchar_t /Zc:forScope /Fo"Debug\\" /Fd"Debug\vc100.pdb" /Gd /TP /analyze- /errorReport:prompt main.cpp
         main.cpp
       ManifestResourceCompile:
         All outputs are up-to-date.
       Link:
         C:\Program Files (x86)\Microsoft Visual Studio 10.0\VC\bin\link.exe /ERRORREPORT:PROMPT /OUT:"C:\Users\Mid\Desktop\Multimedia\Term Project\CaptureFrames\Debug\CaptureFrames.exe" /INCREMENTAL /NOLOGO /LIBPATH:C:\opencv\build\x86\vc10\lib opencv_core249d.lib opencv_calib3d249d.lib opencv_contrib249d.lib opencv_features2d249d.lib opencv_flann249d.lib opencv_gpu249d.lib opencv_highgui249d.lib opencv_imgproc249d.lib opencv_legacy249d.lib opencv_ml249d.lib opencv_nonfree249d.lib opencv_objdetect249d.lib opencv_photo249d.lib opencv_stitching249d.lib opencv_ts249d.lib opencv_video249d.lib opencv_videostab249d.lib kernel32.lib user32.lib gdi32.lib winspool.lib comdlg32.lib advapi32.lib shell32.lib ole32.lib oleaut32.lib uuid.lib odbc32.lib odbccp32.lib /MANIFEST /ManifestFile:"Debug\CaptureFrames.exe.intermediate.manifest" /MANIFESTUAC:"level='asInvoker' uiAccess='false'" /DEBUG /PDB:"C:\Users\Mid\Desktop\Multimedia\Term Project\CaptureFrames\Debug\CaptureFrames.pdb" /SUBSYSTEM:CONSOLE /TLBID:1 /DYNAMICBASE /NXCOMPAT /IMPLIB:"C:\Users\Mid\Desktop\Multimedia\Term Project\CaptureFrames\Debug\CaptureFrames.lib" /MACHINE:X86 Debug\CaptureFrames.exe.embed.manifest.res
         Debug\main.obj
       Manifest:
         C:\Program Files (x86)\Microsoft SDKs\Windows\v7.0A\bin\mt.exe /nologo /verbose /out:"Debug\CaptureFrames.exe.embed.manifest" /manifest Debug\CaptureFrames.exe.intermediate.manifest
         All outputs are up-to-date.
       LinkEmbedManifest:
         All outputs are up-to-date.
         CaptureFrames.vcxproj -> C:\Users\Mid\Desktop\Multimedia\Term Project\CaptureFrames\Debug\CaptureFrames.exe
       FinalizeBuildStatus:
         Deleting file "Debug\CaptureFrames.unsuccessfulbuild".
         Touching "Debug\CaptureFrames.lastbuildstate".
     1>Done Building Project "C:\Users\Mid\Desktop\Multimedia\Term Project\CaptureFrames\CaptureFrames\CaptureFrames.vcxproj" (build target(s)).

Build succeeded.

Time Elapsed 00:00:01.47
