C:\USERS\AHMED\DOCUMENTS\VISUAL STUDIO 2010\PROJECTS\MUTIMEDIA_PROJECT\DEBUG\MUTIMEDIA_PROJECT.EXE
C:\USERS\AHMED\DOCUMENTS\VISUAL STUDIO 2010\PROJECTS\MUTIMEDIA_PROJECT\DEBUG\MUTIMEDIA_PROJECT.ILK
C:\USERS\AHMED\DOCUMENTS\VISUAL STUDIO 2010\PROJECTS\MUTIMEDIA_PROJECT\DEBUG\MUTIMEDIA_PROJECT.PDB
C:\Users\Ahmed\Documents\Visual Studio 2010\Projects\Mutimedia_project\Mutimedia_project\Debug\cl.command.1.tlog
C:\Users\Ahmed\Documents\Visual Studio 2010\Projects\Mutimedia_project\Mutimedia_project\Debug\CL.read.1.tlog
C:\Users\Ahmed\Documents\Visual Studio 2010\Projects\Mutimedia_project\Mutimedia_project\Debug\CL.write.1.tlog
C:\Users\Ahmed\Documents\Visual Studio 2010\Projects\Mutimedia_project\Mutimedia_project\Debug\link.command.1.tlog
C:\Users\Ahmed\Documents\Visual Studio 2010\Projects\Mutimedia_project\Mutimedia_project\Debug\link.read.1.tlog
C:\Users\Ahmed\Documents\Visual Studio 2010\Projects\Mutimedia_project\Mutimedia_project\Debug\link.write.1.tlog
C:\Users\Ahmed\Documents\Visual Studio 2010\Projects\Mutimedia_project\Mutimedia_project\Debug\link-cvtres.read.1.tlog
C:\Users\Ahmed\Documents\Visual Studio 2010\Projects\Mutimedia_project\Mutimedia_project\Debug\link-cvtres.write.1.tlog
C:\USERS\AHMED\DOCUMENTS\VISUAL STUDIO 2010\PROJECTS\MUTIMEDIA_PROJECT\MUTIMEDIA_PROJECT\DEBUG\MAINFRM.OBJ
C:\Users\Ahmed\Documents\Visual Studio 2010\Projects\Mutimedia_project\Mutimedia_project\Debug\mt.command.1.tlog
C:\Users\Ahmed\Documents\Visual Studio 2010\Projects\Mutimedia_project\Mutimedia_project\Debug\mt.read.1.tlog
C:\Users\Ahmed\Documents\Visual Studio 2010\Projects\Mutimedia_project\Mutimedia_project\Debug\mt.write.1.tlog
C:\USERS\AHMED\DOCUMENTS\VISUAL STUDIO 2010\PROJECTS\MUTIMEDIA_PROJECT\MUTIMEDIA_PROJECT\DEBUG\MUTIMEDIA_PROJECT.EXE.EMBED.MANIFEST
C:\USERS\AHMED\DOCUMENTS\VISUAL STUDIO 2010\PROJECTS\MUTIMEDIA_PROJECT\MUTIMEDIA_PROJECT\DEBUG\MUTIMEDIA_PROJECT.EXE.EMBED.MANIFEST.RES
C:\USERS\AHMED\DOCUMENTS\VISUAL STUDIO 2010\PROJECTS\MUTIMEDIA_PROJECT\MUTIMEDIA_PROJECT\DEBUG\MUTIMEDIA_PROJECT.EXE.INTERMEDIATE.MANIFEST
C:\USERS\AHMED\DOCUMENTS\VISUAL STUDIO 2010\PROJECTS\MUTIMEDIA_PROJECT\MUTIMEDIA_PROJECT\DEBUG\MUTIMEDIA_PROJECT.OBJ
C:\USERS\AHMED\DOCUMENTS\VISUAL STUDIO 2010\PROJECTS\MUTIMEDIA_PROJECT\MUTIMEDIA_PROJECT\DEBUG\MUTIMEDIA_PROJECT.PCH
C:\USERS\AHMED\DOCUMENTS\VISUAL STUDIO 2010\PROJECTS\MUTIMEDIA_PROJECT\MUTIMEDIA_PROJECT\DEBUG\MUTIMEDIA_PROJECT.RES
C:\Users\Ahmed\Documents\Visual Studio 2010\Projects\Mutimedia_project\Mutimedia_project\Debug\Mutimedia_project.write.1.tlog
C:\Users\Ahmed\Documents\Visual Studio 2010\Projects\Mutimedia_project\Mutimedia_project\Debug\Mutimedia_project_manifest.rc
C:\USERS\AHMED\DOCUMENTS\VISUAL STUDIO 2010\PROJECTS\MUTIMEDIA_PROJECT\MUTIMEDIA_PROJECT\DEBUG\MUTIMEDIA_PROJECTDOC.OBJ
C:\USERS\AHMED\DOCUMENTS\VISUAL STUDIO 2010\PROJECTS\MUTIMEDIA_PROJECT\MUTIMEDIA_PROJECT\DEBUG\MUTIMEDIA_PROJECTVIEW.OBJ
C:\Users\Ahmed\Documents\Visual Studio 2010\Projects\Mutimedia_project\Mutimedia_project\Debug\rc.command.1.tlog
C:\Users\Ahmed\Documents\Visual Studio 2010\Projects\Mutimedia_project\Mutimedia_project\Debug\rc.read.1.tlog
C:\Users\Ahmed\Documents\Visual Studio 2010\Projects\Mutimedia_project\Mutimedia_project\Debug\rc.write.1.tlog
C:\USERS\AHMED\DOCUMENTS\VISUAL STUDIO 2010\PROJECTS\MUTIMEDIA_PROJECT\MUTIMEDIA_PROJECT\DEBUG\STDAFX.OBJ
C:\Users\Ahmed\Documents\Visual Studio 2010\Projects\Mutimedia_project\Mutimedia_project\Debug\vc100.idb
C:\USERS\AHMED\DOCUMENTS\VISUAL STUDIO 2010\PROJECTS\MUTIMEDIA_PROJECT\MUTIMEDIA_PROJECT\DEBUG\VC100.PDB
