Build started 6/9/2015 6:10:42 PM.
     1>Project "C:\Users\Ahmed\Documents\Visual Studio 2010\Projects\Mutimedia_project\Mutimedia_project\Mutimedia_project.vcxproj" on node 2 (rebuild target(s)).
     1>_PrepareForClean:
         Deleting file "Debug\Mutimedia_project.lastbuildstate".
       InitializeBuildStatus:
         Creating "Debug\Mutimedia_project.unsuccessfulbuild" because "AlwaysCreate" was specified.
       ClCompile:
         c:\Program Files (x86)\Microsoft Visual Studio 10.0\VC\bin\CL.exe /c /ZI /nologo /W3 /WX- /Od /Oy- /D WIN32 /D _CRT_SECURE_NO_WARNINGS /D _WINDOWS /D _DEBUG /D _MBCS /D _AFXDLL /Gm /EHsc /RTC1 /MDd /GS /fp:precise /Zc:wchar_t /Zc:forScope /Yc"StdAfx.h" /Fp"Debug\Mutimedia_project.pch" /Fo"Debug\\" /Fd"Debug\vc100.pdb" /Gd /TP /analyze- /errorReport:prompt stdafx.cpp
         stdafx.cpp
         c:\Program Files (x86)\Microsoft Visual Studio 10.0\VC\bin\CL.exe /c /ZI /nologo /W3 /WX- /Od /Oy- /D WIN32 /D _CRT_SECURE_NO_WARNINGS /D _WINDOWS /D _DEBUG /D _MBCS /D _AFXDLL /Gm /EHsc /RTC1 /MDd /GS /fp:precise /Zc:wchar_t /Zc:forScope /Yu"StdAfx.h" /Fp"Debug\Mutimedia_project.pch" /Fo"Debug\\" /Fd"Debug\vc100.pdb" /Gd /TP /analyze- /errorReport:prompt MainFrm.cpp Mutimedia_project.cpp Mutimedia_projectDoc.cpp Mutimedia_projectView.cpp
         Mutimedia_projectView.cpp
         Mutimedia_projectDoc.cpp
         Mutimedia_project.cpp
         MainFrm.cpp
         Generating Code...
       ResourceCompile:
         c:\Program Files (x86)\Microsoft SDKs\Windows\v7.0A\bin\rc.exe /D _DEBUG /D _AFXDLL /l"0x0409" /IDebug\ /nologo /fo"Debug\Mutimedia_project.res" Mutimedia_project.rc 
       ManifestResourceCompile:
         c:\Program Files (x86)\Microsoft SDKs\Windows\v7.0A\bin\rc.exe /nologo /fo"Debug\Mutimedia_project.exe.embed.manifest.res" Debug\Mutimedia_project_manifest.rc 
       Link:
         c:\Program Files (x86)\Microsoft Visual Studio 10.0\VC\bin\link.exe /ERRORREPORT:PROMPT /OUT:"C:\Users\Ahmed\Documents\Visual Studio 2010\Projects\Mutimedia_project\Debug\Mutimedia_project.exe" /INCREMENTAL /NOLOGO opencv_calib3d249d.lib opencv_contrib249d.lib opencv_core249d.lib opencv_features2d249d.lib opencv_flann249d.lib opencv_gpu249d.lib opencv_highgui249d.lib opencv_imgproc249d.lib opencv_legacy249d.lib opencv_ml249d.lib opencv_nonfree249d.lib opencv_objdetect249d.lib opencv_photo249d.lib opencv_stitching249d.lib opencv_ts249d.lib opencv_video249d.lib opencv_videostab249d.lib /MANIFEST /ManifestFile:"Debug\Mutimedia_project.exe.intermediate.manifest" /MANIFESTUAC:"level='asInvoker' uiAccess='false'" /DEBUG /PDB:"C:\Users\Ahmed\Documents\Visual Studio 2010\Projects\Mutimedia_project\Debug\Mutimedia_project.pdb" /SUBSYSTEM:WINDOWS /TLBID:1 /DYNAMICBASE /NXCOMPAT /IMPLIB:"C:\Users\Ahmed\Documents\Visual Studio 2010\Projects\Mutimedia_project\Debug\Mutimedia_project.lib" /MACHINE:X86 Debug\Mutimedia_project.res
         Debug\Mutimedia_project.exe.embed.manifest.res
         Debug\MainFrm.obj
         Debug\Mutimedia_project.obj
         Debug\Mutimedia_projectDoc.obj
         Debug\Mutimedia_projectView.obj
         Debug\stdafx.obj
       Manifest:
         Deleting file "Debug\Mutimedia_project.exe.embed.manifest".
         c:\Program Files (x86)\Microsoft SDKs\Windows\v7.0A\bin\mt.exe /nologo /verbose /out:"Debug\Mutimedia_project.exe.embed.manifest" /manifest Debug\Mutimedia_project.exe.intermediate.manifest "c:\Program Files (x86)\Microsoft Visual Studio 10.0\VC\Include\Manifest\dpiaware.manifest"
         c:\Program Files (x86)\Microsoft SDKs\Windows\v7.0A\bin\rc.exe /nologo /fo"Debug\Mutimedia_project.exe.embed.manifest.res" Debug\Mutimedia_project_manifest.rc 
       LinkEmbedManifest:
         c:\Program Files (x86)\Microsoft Visual Studio 10.0\VC\bin\link.exe /ERRORREPORT:PROMPT /OUT:"C:\Users\Ahmed\Documents\Visual Studio 2010\Projects\Mutimedia_project\Debug\Mutimedia_project.exe" /INCREMENTAL /NOLOGO opencv_calib3d249d.lib opencv_contrib249d.lib opencv_core249d.lib opencv_features2d249d.lib opencv_flann249d.lib opencv_gpu249d.lib opencv_highgui249d.lib opencv_imgproc249d.lib opencv_legacy249d.lib opencv_ml249d.lib opencv_nonfree249d.lib opencv_objdetect249d.lib opencv_photo249d.lib opencv_stitching249d.lib opencv_ts249d.lib opencv_video249d.lib opencv_videostab249d.lib /MANIFEST /ManifestFile:"Debug\Mutimedia_project.exe.intermediate.manifest" /MANIFESTUAC:"level='asInvoker' uiAccess='false'" /DEBUG /PDB:"C:\Users\Ahmed\Documents\Visual Studio 2010\Projects\Mutimedia_project\Debug\Mutimedia_project.pdb" /SUBSYSTEM:WINDOWS /TLBID:1 /DYNAMICBASE /NXCOMPAT /IMPLIB:"C:\Users\Ahmed\Documents\Visual Studio 2010\Projects\Mutimedia_project\Debug\Mutimedia_project.lib" /MACHINE:X86 Debug\Mutimedia_project.res
         Debug\Mutimedia_project.exe.embed.manifest.res
         Debug\MainFrm.obj
         Debug\Mutimedia_project.obj
         Debug\Mutimedia_projectDoc.obj
         Debug\Mutimedia_projectView.obj
         Debug\stdafx.obj
         Mutimedia_project.vcxproj -> C:\Users\Ahmed\Documents\Visual Studio 2010\Projects\Mutimedia_project\Debug\Mutimedia_project.exe
       FinalizeBuildStatus:
         Deleting file "Debug\Mutimedia_project.unsuccessfulbuild".
         Touching "Debug\Mutimedia_project.lastbuildstate".
     1>Done Building Project "C:\Users\Ahmed\Documents\Visual Studio 2010\Projects\Mutimedia_project\Mutimedia_project\Mutimedia_project.vcxproj" (rebuild target(s)).

Build succeeded.

Time Elapsed 00:00:08.69
